2023.08.21 12:04:35 INFO  Started: Metals version 1.0.0 in folders '/Users/poitier/Documents/Projects/development/representative_number_theory_sim' for client Visual Studio Code 1.81.1.
Aug 21, 2023 12:04:36 PM org.flywaydb.core.internal.license.VersionPrinter printVersionOnly
INFO: Flyway Community Edition 9.20.1 by Redgate
Aug 21, 2023 12:04:36 PM org.flywaydb.core.internal.license.VersionPrinter printVersion
INFO: See release notes here: https://rd.gt/416ObMi
Aug 21, 2023 12:04:36 PM org.flywaydb.core.internal.license.VersionPrinter printVersion
INFO: 
Aug 21, 2023 12:04:36 PM org.flywaydb.core.internal.database.base.BaseDatabaseType createDatabase
INFO: Database: jdbc:h2:file:/Users/poitier/Documents/Projects/development/representative_number_theory_sim/.metals/metals (H2 2.1)
Aug 21, 2023 12:04:36 PM org.flywaydb.core.internal.schemahistory.JdbcTableSchemaHistory allAppliedMigrations
INFO: Schema history table "PUBLIC"."flyway_schema_history" does not exist yet
Aug 21, 2023 12:04:36 PM org.flywaydb.core.internal.command.DbValidate validate
INFO: Successfully validated 4 migrations (execution time 00:00.035s)
Aug 21, 2023 12:04:37 PM org.flywaydb.core.internal.schemahistory.JdbcTableSchemaHistory create
INFO: Creating Schema History table "PUBLIC"."flyway_schema_history" ...
Aug 21, 2023 12:04:37 PM org.flywaydb.core.internal.command.DbMigrate migrateGroup
INFO: Current version of schema "PUBLIC": << Empty Schema >>
Aug 21, 2023 12:04:37 PM org.flywaydb.core.internal.command.DbMigrate doMigrateGroup
INFO: Migrating schema "PUBLIC" to version "1 - Create tables"
Aug 21, 2023 12:04:37 PM org.flywaydb.core.internal.command.DbMigrate doMigrateGroup
INFO: Migrating schema "PUBLIC" to version "2 - Server discovery"
Aug 21, 2023 12:04:37 PM org.flywaydb.core.internal.command.DbMigrate doMigrateGroup
INFO: Migrating schema "PUBLIC" to version "3 - Jar symbols"
Aug 21, 2023 12:04:37 PM org.flywaydb.core.internal.command.DbMigrate doMigrateGroup
INFO: Migrating schema "PUBLIC" to version "4 - Fingerprints"
Aug 21, 2023 12:04:37 PM org.flywaydb.core.internal.command.DbMigrate logSummary
INFO: Successfully applied 4 migrations to schema "PUBLIC", now at version v4 (execution time 00:00.038s)
2023.08.21 12:04:37 INFO  time: initialize in 1.57s
2023.08.21 12:04:38 WARN  Build server is not auto-connectable.
2023.08.21 12:04:38 WARN  no build tool detected in workspace '/Users/poitier/Documents/Projects/development/representative_number_theory_sim'. The most common cause for this problem is that the editor was opened in the wrong working directory, for example if you use sbt then the workspace directory should contain build.sbt. 
Aug 22, 2023 6:02:39 AM org.eclipse.lsp4j.jsonrpc.services.GenericEndpoint notify
INFO: Unsupported notification method: $/setTrace
Aug 22, 2023 4:19:46 PM org.eclipse.lsp4j.jsonrpc.services.GenericEndpoint notify
INFO: Unsupported notification method: $/setTrace
